<?xml version="1.0" encoding="UTF-8"?>
<testng-results ignored="0" total="2" passed="2" failed="0" skipped="0">
  <reporter-output>
  </reporter-output>
  <suite started-at="2023-09-21T21:44:45 EDT" name="Suite" finished-at="2023-09-21T21:45:08 EDT" duration-ms="23428">
    <groups>
    </groups>
    <test started-at="2023-09-21T21:44:45 EDT" name="Testonmyedge" finished-at="2023-09-21T21:44:59 EDT" duration-ms="14282">
      <class name="crossbrowser.CrossBrowserTest">
        <test-method is-config="true" signature="LaunchBrowser(java.lang.String)[pri:0, instance:crossbrowser.CrossBrowserTest@5b1669c0]" started-at="2023-09-21T21:44:45 EDT" name="LaunchBrowser" finished-at="2023-09-21T21:44:51 EDT" duration-ms="5831" status="PASS">
          <params>
            <param index="0">
              <value>
                <![CDATA[msedge]]>
              </value>
            </param>
          </params>
          <reporter-output>
          </reporter-output>
        </test-method> <!-- LaunchBrowser -->
        <test-method signature="verifytitle()[pri:0, instance:crossbrowser.CrossBrowserTest@5b1669c0]" started-at="2023-09-21T21:44:51 EDT" name="verifytitle" finished-at="2023-09-21T21:44:59 EDT" duration-ms="7984" status="PASS">
          <reporter-output>
          </reporter-output>
        </test-method> <!-- verifytitle -->
        <test-method is-config="true" signature="endTest()[pri:0, instance:crossbrowser.CrossBrowserTest@5b1669c0]" started-at="2023-09-21T21:44:59 EDT" name="endTest" finished-at="2023-09-21T21:44:59 EDT" duration-ms="361" status="PASS">
          <reporter-output>
          </reporter-output>
        </test-method> <!-- endTest -->
      </class> <!-- crossbrowser.CrossBrowserTest -->
    </test> <!-- Testonmyedge -->
    <test started-at="2023-09-21T21:44:59 EDT" name="Testonmychrome" finished-at="2023-09-21T21:45:08 EDT" duration-ms="9108">
      <class name="crossbrowser.CrossBrowserTest">
        <test-method is-config="true" signature="LaunchBrowser(java.lang.String)[pri:0, instance:crossbrowser.CrossBrowserTest@24569dba]" started-at="2023-09-21T21:44:59 EDT" name="LaunchBrowser" finished-at="2023-09-21T21:45:01 EDT" duration-ms="1138" status="PASS">
          <params>
            <param index="0">
              <value>
                <![CDATA[chrome]]>
              </value>
            </param>
          </params>
          <reporter-output>
          </reporter-output>
        </test-method> <!-- LaunchBrowser -->
        <test-method signature="verifytitle()[pri:0, instance:crossbrowser.CrossBrowserTest@24569dba]" started-at="2023-09-21T21:45:01 EDT" name="verifytitle" finished-at="2023-09-21T21:45:08 EDT" duration-ms="7716" status="PASS">
          <reporter-output>
          </reporter-output>
        </test-method> <!-- verifytitle -->
        <test-method is-config="true" signature="endTest()[pri:0, instance:crossbrowser.CrossBrowserTest@24569dba]" started-at="2023-09-21T21:45:08 EDT" name="endTest" finished-at="2023-09-21T21:45:08 EDT" duration-ms="245" status="PASS">
          <reporter-output>
          </reporter-output>
        </test-method> <!-- endTest -->
      </class> <!-- crossbrowser.CrossBrowserTest -->
    </test> <!-- Testonmychrome -->
  </suite> <!-- Suite -->
</testng-results>
